<?xml version="1.0" encoding="UTF-8"?>
<!-- Generated by org.testng.reporters.JUnitReportReporter -->
<testsuite skipped="0" hostname="DESKTOP-U29B5NK" name="com.sapiensfinal.test.CasosPrueba" tests="2" failures="0" timestamp="2021-09-24T23:07:30 CDT" time="7.448" errors="0">
  <testcase name="borrarElemento" time="2.640" classname="com.sapiensfinal.test.CasosPrueba"/>
  <system-out/>
  <testcase name="agregarProducto" time="4.808" classname="com.sapiensfinal.test.CasosPrueba"/>
  <system-out/>
</testsuite> <!-- com.sapiensfinal.test.CasosPrueba -->
