<?xml version="1.0" encoding="UTF-8"?>
<!-- Generated by org.testng.reporters.JUnitReportReporter -->
<testsuite skipped="0" hostname="DESKTOP-U29B5NK" name="com.sapiensfinal.test.CasosPrueba" tests="4" failures="0" timestamp="2021-09-25T22:15:53 CDT" time="17.013" errors="0">
  <testcase name="validarCarrito" time="2.522" classname="com.sapiensfinal.test.CasosPrueba"/>
  <system-out/>
  <testcase name="borrarElemento" time="2.886" classname="com.sapiensfinal.test.CasosPrueba"/>
  <system-out/>
  <testcase name="agregarProducto" time="4.969" classname="com.sapiensfinal.test.CasosPrueba"/>
  <system-out/>
  <testcase name="agregarVarios" time="6.636" classname="com.sapiensfinal.test.CasosPrueba"/>
  <system-out/>
</testsuite> <!-- com.sapiensfinal.test.CasosPrueba -->
