<?xml version="1.0" encoding="UTF-8"?>
<!-- Generated by org.testng.reporters.JUnitReportReporter -->
<testsuite skipped="0" hostname="DESKTOP-U29B5NK" name="com.sapiensfinal.test.CasosPrueba" tests="4" failures="0" timestamp="2021-09-25T15:42:40 CDT" time="16.265" errors="0">
  <testcase name="validarCarrito" time="1.534" classname="com.sapiensfinal.test.CasosPrueba"/>
  <system-out/>
  <testcase name="borrarElemento" time="3.019" classname="com.sapiensfinal.test.CasosPrueba"/>
  <system-out/>
  <testcase name="agregarProducto" time="5.023" classname="com.sapiensfinal.test.CasosPrueba"/>
  <system-out/>
  <testcase name="agregarVarios" time="6.689" classname="com.sapiensfinal.test.CasosPrueba"/>
  <system-out/>
</testsuite> <!-- com.sapiensfinal.test.CasosPrueba -->
